<?xml version="1.0" encoding="UTF-8"?>
<testsuite xmlns:xsi="http://www.w3.org/2001/XMLSchema-instance" xsi:noNamespaceSchemaLocation="https://maven.apache.org/surefire/maven-surefire-plugin/xsd/surefire-test-report.xsd" name="com.edium.service.core.service.GroupServiceImplTest" time="0.137" tests="26" errors="0" skipped="0" failures="0">
  <properties>
    <property name="gopherProxySet" value="false"/>
    <property name="awt.toolkit" value="sun.lwawt.macosx.LWCToolkit"/>
    <property name="java.specification.version" value="10"/>
    <property name="file.encoding.pkg" value="sun.io"/>
    <property name="sun.cpu.isalist" value=""/>
    <property name="sun.jnu.encoding" value="UTF-8"/>
    <property name="java.class.path" value="/Users/hohien/IdeaProjects/edium-backend/core-service/target/test-classes:/Users/hohien/IdeaProjects/edium-backend/core-service/target/classes:/Users/hohien/.m2/repository/org/springframework/boot/spring-boot-starter-data-jpa/2.0.4.RELEASE/spring-boot-starter-data-jpa-2.0.4.RELEASE.jar:/Users/hohien/.m2/repository/org/springframework/boot/spring-boot-starter/2.0.4.RELEASE/spring-boot-starter-2.0.4.RELEASE.jar:/Users/hohien/.m2/repository/org/springframework/boot/spring-boot-starter-logging/2.0.4.RELEASE/spring-boot-starter-logging-2.0.4.RELEASE.jar:/Users/hohien/.m2/repository/ch/qos/logback/logback-classic/1.2.3/logback-classic-1.2.3.jar:/Users/hohien/.m2/repository/ch/qos/logback/logback-core/1.2.3/logback-core-1.2.3.jar:/Users/hohien/.m2/repository/org/apache/logging/log4j/log4j-to-slf4j/2.10.0/log4j-to-slf4j-2.10.0.jar:/Users/hohien/.m2/repository/org/apache/logging/log4j/log4j-api/2.10.0/log4j-api-2.10.0.jar:/Users/hohien/.m2/repository/org/slf4j/jul-to-slf4j/1.7.25/jul-to-slf4j-1.7.25.jar:/Users/hohien/.m2/repository/javax/annotation/javax.annotation-api/1.3.2/javax.annotation-api-1.3.2.jar:/Users/hohien/.m2/repository/org/springframework/boot/spring-boot-starter-aop/2.0.4.RELEASE/spring-boot-starter-aop-2.0.4.RELEASE.jar:/Users/hohien/.m2/repository/org/aspectj/aspectjweaver/1.8.13/aspectjweaver-1.8.13.jar:/Users/hohien/.m2/repository/org/springframework/boot/spring-boot-starter-jdbc/2.0.4.RELEASE/spring-boot-starter-jdbc-2.0.4.RELEASE.jar:/Users/hohien/.m2/repository/com/zaxxer/HikariCP/2.7.9/HikariCP-2.7.9.jar:/Users/hohien/.m2/repository/org/springframework/spring-jdbc/5.0.8.RELEASE/spring-jdbc-5.0.8.RELEASE.jar:/Users/hohien/.m2/repository/org/hibernate/hibernate-core/5.2.17.Final/hibernate-core-5.2.17.Final.jar:/Users/hohien/.m2/repository/org/jboss/logging/jboss-logging/3.3.2.Final/jboss-logging-3.3.2.Final.jar:/Users/hohien/.m2/repository/org/hibernate/javax/persistence/hibernate-jpa-2.1-api/1.0.2.Final/hibernate-jpa-2.1-api-1.0.2.Final.jar:/Users/hohien/.m2/repository/org/javassist/javassist/3.22.0-GA/javassist-3.22.0-GA.jar:/Users/hohien/.m2/repository/antlr/antlr/2.7.7/antlr-2.7.7.jar:/Users/hohien/.m2/repository/org/jboss/jandex/2.0.3.Final/jandex-2.0.3.Final.jar:/Users/hohien/.m2/repository/com/fasterxml/classmate/1.3.4/classmate-1.3.4.jar:/Users/hohien/.m2/repository/dom4j/dom4j/1.6.1/dom4j-1.6.1.jar:/Users/hohien/.m2/repository/org/hibernate/common/hibernate-commons-annotations/5.0.1.Final/hibernate-commons-annotations-5.0.1.Final.jar:/Users/hohien/.m2/repository/javax/transaction/javax.transaction-api/1.2/javax.transaction-api-1.2.jar:/Users/hohien/.m2/repository/org/springframework/data/spring-data-jpa/2.0.9.RELEASE/spring-data-jpa-2.0.9.RELEASE.jar:/Users/hohien/.m2/repository/org/springframework/data/spring-data-commons/2.0.9.RELEASE/spring-data-commons-2.0.9.RELEASE.jar:/Users/hohien/.m2/repository/org/springframework/spring-orm/5.0.8.RELEASE/spring-orm-5.0.8.RELEASE.jar:/Users/hohien/.m2/repository/org/springframework/spring-tx/5.0.8.RELEASE/spring-tx-5.0.8.RELEASE.jar:/Users/hohien/.m2/repository/org/slf4j/slf4j-api/1.7.25/slf4j-api-1.7.25.jar:/Users/hohien/.m2/repository/org/springframework/spring-aspects/5.0.8.RELEASE/spring-aspects-5.0.8.RELEASE.jar:/Users/hohien/.m2/repository/org/springframework/boot/spring-boot-starter-web/2.0.4.RELEASE/spring-boot-starter-web-2.0.4.RELEASE.jar:/Users/hohien/.m2/repository/org/springframework/boot/spring-boot-starter-json/2.0.4.RELEASE/spring-boot-starter-json-2.0.4.RELEASE.jar:/Users/hohien/.m2/repository/com/fasterxml/jackson/datatype/jackson-datatype-jdk8/2.9.6/jackson-datatype-jdk8-2.9.6.jar:/Users/hohien/.m2/repository/com/fasterxml/jackson/datatype/jackson-datatype-jsr310/2.9.6/jackson-datatype-jsr310-2.9.6.jar:/Users/hohien/.m2/repository/com/fasterxml/jackson/module/jackson-module-parameter-names/2.9.6/jackson-module-parameter-names-2.9.6.jar:/Users/hohien/.m2/repository/org/hibernate/validator/hibernate-validator/6.0.11.Final/hibernate-validator-6.0.11.Final.jar:/Users/hohien/.m2/repository/javax/validation/validation-api/2.0.1.Final/validation-api-2.0.1.Final.jar:/Users/hohien/.m2/repository/org/springframework/spring-web/5.0.8.RELEASE/spring-web-5.0.8.RELEASE.jar:/Users/hohien/.m2/repository/org/springframework/spring-webmvc/5.0.8.RELEASE/spring-webmvc-5.0.8.RELEASE.jar:/Users/hohien/.m2/repository/org/springframework/spring-expression/5.0.8.RELEASE/spring-expression-5.0.8.RELEASE.jar:/Users/hohien/.m2/repository/org/springframework/boot/spring-boot-starter-jetty/2.0.4.RELEASE/spring-boot-starter-jetty-2.0.4.RELEASE.jar:/Users/hohien/.m2/repository/org/eclipse/jetty/jetty-servlets/9.4.11.v20180605/jetty-servlets-9.4.11.v20180605.jar:/Users/hohien/.m2/repository/org/eclipse/jetty/jetty-continuation/9.4.11.v20180605/jetty-continuation-9.4.11.v20180605.jar:/Users/hohien/.m2/repository/org/eclipse/jetty/jetty-http/9.4.11.v20180605/jetty-http-9.4.11.v20180605.jar:/Users/hohien/.m2/repository/org/eclipse/jetty/jetty-util/9.4.11.v20180605/jetty-util-9.4.11.v20180605.jar:/Users/hohien/.m2/repository/org/eclipse/jetty/jetty-io/9.4.11.v20180605/jetty-io-9.4.11.v20180605.jar:/Users/hohien/.m2/repository/org/eclipse/jetty/jetty-webapp/9.4.11.v20180605/jetty-webapp-9.4.11.v20180605.jar:/Users/hohien/.m2/repository/org/eclipse/jetty/jetty-xml/9.4.11.v20180605/jetty-xml-9.4.11.v20180605.jar:/Users/hohien/.m2/repository/org/eclipse/jetty/jetty-servlet/9.4.11.v20180605/jetty-servlet-9.4.11.v20180605.jar:/Users/hohien/.m2/repository/org/eclipse/jetty/jetty-security/9.4.11.v20180605/jetty-security-9.4.11.v20180605.jar:/Users/hohien/.m2/repository/org/eclipse/jetty/jetty-server/9.4.11.v20180605/jetty-server-9.4.11.v20180605.jar:/Users/hohien/.m2/repository/org/eclipse/jetty/websocket/websocket-server/9.4.11.v20180605/websocket-server-9.4.11.v20180605.jar:/Users/hohien/.m2/repository/org/eclipse/jetty/websocket/websocket-common/9.4.11.v20180605/websocket-common-9.4.11.v20180605.jar:/Users/hohien/.m2/repository/org/eclipse/jetty/websocket/websocket-api/9.4.11.v20180605/websocket-api-9.4.11.v20180605.jar:/Users/hohien/.m2/repository/org/eclipse/jetty/websocket/websocket-client/9.4.11.v20180605/websocket-client-9.4.11.v20180605.jar:/Users/hohien/.m2/repository/org/eclipse/jetty/jetty-client/9.4.11.v20180605/jetty-client-9.4.11.v20180605.jar:/Users/hohien/.m2/repository/org/eclipse/jetty/websocket/websocket-servlet/9.4.11.v20180605/websocket-servlet-9.4.11.v20180605.jar:/Users/hohien/.m2/repository/javax/servlet/javax.servlet-api/3.1.0/javax.servlet-api-3.1.0.jar:/Users/hohien/.m2/repository/org/eclipse/jetty/websocket/javax-websocket-server-impl/9.4.11.v20180605/javax-websocket-server-impl-9.4.11.v20180605.jar:/Users/hohien/.m2/repository/org/eclipse/jetty/jetty-annotations/9.4.11.v20180605/jetty-annotations-9.4.11.v20180605.jar:/Users/hohien/.m2/repository/org/eclipse/jetty/jetty-plus/9.4.11.v20180605/jetty-plus-9.4.11.v20180605.jar:/Users/hohien/.m2/repository/org/ow2/asm/asm-commons/6.2/asm-commons-6.2.jar:/Users/hohien/.m2/repository/org/ow2/asm/asm-tree/6.2/asm-tree-6.2.jar:/Users/hohien/.m2/repository/org/ow2/asm/asm-analysis/6.2/asm-analysis-6.2.jar:/Users/hohien/.m2/repository/org/eclipse/jetty/websocket/javax-websocket-client-impl/9.4.11.v20180605/javax-websocket-client-impl-9.4.11.v20180605.jar:/Users/hohien/.m2/repository/javax/websocket/javax.websocket-api/1.0/javax.websocket-api-1.0.jar:/Users/hohien/.m2/repository/org/mortbay/jasper/apache-el/8.5.24.2/apache-el-8.5.24.2.jar:/Users/hohien/.m2/repository/org/springframework/boot/spring-boot-devtools/2.0.4.RELEASE/spring-boot-devtools-2.0.4.RELEASE.jar:/Users/hohien/.m2/repository/org/springframework/boot/spring-boot/2.0.4.RELEASE/spring-boot-2.0.4.RELEASE.jar:/Users/hohien/.m2/repository/org/springframework/boot/spring-boot-autoconfigure/2.0.4.RELEASE/spring-boot-autoconfigure-2.0.4.RELEASE.jar:/Users/hohien/.m2/repository/org/springframework/cloud/spring-cloud-starter-netflix-eureka-client/2.0.1.RELEASE/spring-cloud-starter-netflix-eureka-client-2.0.1.RELEASE.jar:/Users/hohien/.m2/repository/org/springframework/cloud/spring-cloud-starter/2.0.1.RELEASE/spring-cloud-starter-2.0.1.RELEASE.jar:/Users/hohien/.m2/repository/org/springframework/cloud/spring-cloud-context/2.0.1.RELEASE/spring-cloud-context-2.0.1.RELEASE.jar:/Users/hohien/.m2/repository/org/springframework/security/spring-security-rsa/1.0.5.RELEASE/spring-security-rsa-1.0.5.RELEASE.jar:/Users/hohien/.m2/repository/org/springframework/cloud/spring-cloud-netflix-core/2.0.1.RELEASE/spring-cloud-netflix-core-2.0.1.RELEASE.jar:/Users/hohien/.m2/repository/org/springframework/cloud/spring-cloud-netflix-eureka-client/2.0.1.RELEASE/spring-cloud-netflix-eureka-client-2.0.1.RELEASE.jar:/Users/hohien/.m2/repository/com/netflix/eureka/eureka-client/1.9.3/eureka-client-1.9.3.jar:/Users/hohien/.m2/repository/org/codehaus/jettison/jettison/1.3.7/jettison-1.3.7.jar:/Users/hohien/.m2/repository/stax/stax-api/1.0.1/stax-api-1.0.1.jar:/Users/hohien/.m2/repository/com/netflix/netflix-commons/netflix-eventbus/0.3.0/netflix-eventbus-0.3.0.jar:/Users/hohien/.m2/repository/com/netflix/netflix-commons/netflix-infix/0.3.0/netflix-infix-0.3.0.jar:/Users/hohien/.m2/repository/commons-jxpath/commons-jxpath/1.3/commons-jxpath-1.3.jar:/Users/hohien/.m2/repository/joda-time/joda-time/2.9.9/joda-time-2.9.9.jar:/Users/hohien/.m2/repository/org/antlr/antlr-runtime/3.4/antlr-runtime-3.4.jar:/Users/hohien/.m2/repository/org/antlr/stringtemplate/3.2.1/stringtemplate-3.2.1.jar:/Users/hohien/.m2/repository/org/apache/commons/commons-math/2.2/commons-math-2.2.jar:/Users/hohien/.m2/repository/com/netflix/archaius/archaius-core/0.7.6/archaius-core-0.7.6.jar:/Users/hohien/.m2/repository/javax/ws/rs/jsr311-api/1.1.1/jsr311-api-1.1.1.jar:/Users/hohien/.m2/repository/com/netflix/servo/servo-core/0.12.21/servo-core-0.12.21.jar:/Users/hohien/.m2/repository/org/apache/httpcomponents/httpclient/4.5.6/httpclient-4.5.6.jar:/Users/hohien/.m2/repository/org/apache/httpcomponents/httpcore/4.4.10/httpcore-4.4.10.jar:/Users/hohien/.m2/repository/com/google/inject/guice/4.1.0/guice-4.1.0.jar:/Users/hohien/.m2/repository/javax/inject/javax.inject/1/javax.inject-1.jar:/Users/hohien/.m2/repository/aopalliance/aopalliance/1.0/aopalliance-1.0.jar:/Users/hohien/.m2/repository/com/github/vlsi/compactmap/compactmap/1.2.1/compactmap-1.2.1.jar:/Users/hohien/.m2/repository/com/github/andrewoma/dexx/dexx-collections/0.2/dexx-collections-0.2.jar:/Users/hohien/.m2/repository/com/fasterxml/jackson/core/jackson-annotations/2.9.0/jackson-annotations-2.9.0.jar:/Users/hohien/.m2/repository/com/fasterxml/jackson/core/jackson-core/2.9.6/jackson-core-2.9.6.jar:/Users/hohien/.m2/repository/com/netflix/eureka/eureka-core/1.9.3/eureka-core-1.9.3.jar:/Users/hohien/.m2/repository/org/codehaus/woodstox/woodstox-core-asl/4.4.1/woodstox-core-asl-4.4.1.jar:/Users/hohien/.m2/repository/javax/xml/stream/stax-api/1.0-2/stax-api-1.0-2.jar:/Users/hohien/.m2/repository/org/codehaus/woodstox/stax2-api/3.1.4/stax2-api-3.1.4.jar:/Users/hohien/.m2/repository/org/springframework/cloud/spring-cloud-starter-netflix-archaius/2.0.1.RELEASE/spring-cloud-starter-netflix-archaius-2.0.1.RELEASE.jar:/Users/hohien/.m2/repository/org/springframework/cloud/spring-cloud-netflix-archaius/2.0.1.RELEASE/spring-cloud-netflix-archaius-2.0.1.RELEASE.jar:/Users/hohien/.m2/repository/commons-configuration/commons-configuration/1.8/commons-configuration-1.8.jar:/Users/hohien/.m2/repository/commons-lang/commons-lang/2.6/commons-lang-2.6.jar:/Users/hohien/.m2/repository/org/springframework/cloud/spring-cloud-starter-netflix-ribbon/2.0.1.RELEASE/spring-cloud-starter-netflix-ribbon-2.0.1.RELEASE.jar:/Users/hohien/.m2/repository/com/netflix/ribbon/ribbon/2.2.5/ribbon-2.2.5.jar:/Users/hohien/.m2/repository/com/netflix/ribbon/ribbon-transport/2.2.5/ribbon-transport-2.2.5.jar:/Users/hohien/.m2/repository/io/reactivex/rxnetty-contexts/0.4.9/rxnetty-contexts-0.4.9.jar:/Users/hohien/.m2/repository/io/reactivex/rxnetty-servo/0.4.9/rxnetty-servo-0.4.9.jar:/Users/hohien/.m2/repository/io/reactivex/rxnetty/0.4.9/rxnetty-0.4.9.jar:/Users/hohien/.m2/repository/io/netty/netty-codec-http/4.1.27.Final/netty-codec-http-4.1.27.Final.jar:/Users/hohien/.m2/repository/io/netty/netty-codec/4.1.27.Final/netty-codec-4.1.27.Final.jar:/Users/hohien/.m2/repository/io/netty/netty-transport-native-epoll/4.1.27.Final/netty-transport-native-epoll-4.1.27.Final.jar:/Users/hohien/.m2/repository/io/netty/netty-common/4.1.27.Final/netty-common-4.1.27.Final.jar:/Users/hohien/.m2/repository/io/netty/netty-buffer/4.1.27.Final/netty-buffer-4.1.27.Final.jar:/Users/hohien/.m2/repository/io/netty/netty-transport-native-unix-common/4.1.27.Final/netty-transport-native-unix-common-4.1.27.Final.jar:/Users/hohien/.m2/repository/io/netty/netty-transport/4.1.27.Final/netty-transport-4.1.27.Final.jar:/Users/hohien/.m2/repository/io/netty/netty-resolver/4.1.27.Final/netty-resolver-4.1.27.Final.jar:/Users/hohien/.m2/repository/com/netflix/ribbon/ribbon-core/2.2.5/ribbon-core-2.2.5.jar:/Users/hohien/.m2/repository/com/netflix/ribbon/ribbon-httpclient/2.2.5/ribbon-httpclient-2.2.5.jar:/Users/hohien/.m2/repository/commons-collections/commons-collections/3.2.2/commons-collections-3.2.2.jar:/Users/hohien/.m2/repository/com/netflix/netflix-commons/netflix-commons-util/0.3.0/netflix-commons-util-0.3.0.jar:/Users/hohien/.m2/repository/com/netflix/ribbon/ribbon-loadbalancer/2.2.5/ribbon-loadbalancer-2.2.5.jar:/Users/hohien/.m2/repository/com/netflix/netflix-commons/netflix-statistics/0.1.1/netflix-statistics-0.1.1.jar:/Users/hohien/.m2/repository/io/reactivex/rxjava/1.3.8/rxjava-1.3.8.jar:/Users/hohien/.m2/repository/com/netflix/ribbon/ribbon-eureka/2.2.5/ribbon-eureka-2.2.5.jar:/Users/hohien/.m2/repository/com/thoughtworks/xstream/xstream/1.4.10/xstream-1.4.10.jar:/Users/hohien/.m2/repository/xmlpull/xmlpull/1.1.3.1/xmlpull-1.1.3.1.jar:/Users/hohien/.m2/repository/xpp3/xpp3_min/1.1.4c/xpp3_min-1.1.4c.jar:/Users/hohien/.m2/repository/org/springframework/cloud/spring-cloud-starter-netflix-hystrix/2.0.1.RELEASE/spring-cloud-starter-netflix-hystrix-2.0.1.RELEASE.jar:/Users/hohien/.m2/repository/org/springframework/cloud/spring-cloud-netflix-ribbon/2.0.1.RELEASE/spring-cloud-netflix-ribbon-2.0.1.RELEASE.jar:/Users/hohien/.m2/repository/com/netflix/hystrix/hystrix-core/1.5.12/hystrix-core-1.5.12.jar:/Users/hohien/.m2/repository/org/hdrhistogram/HdrHistogram/2.1.9/HdrHistogram-2.1.9.jar:/Users/hohien/.m2/repository/com/netflix/hystrix/hystrix-serialization/1.5.12/hystrix-serialization-1.5.12.jar:/Users/hohien/.m2/repository/com/fasterxml/jackson/module/jackson-module-afterburner/2.9.6/jackson-module-afterburner-2.9.6.jar:/Users/hohien/.m2/repository/com/netflix/hystrix/hystrix-metrics-event-stream/1.5.12/hystrix-metrics-event-stream-1.5.12.jar:/Users/hohien/.m2/repository/com/netflix/hystrix/hystrix-javanica/1.5.12/hystrix-javanica-1.5.12.jar:/Users/hohien/.m2/repository/org/apache/commons/commons-lang3/3.7/commons-lang3-3.7.jar:/Users/hohien/.m2/repository/org/ow2/asm/asm/5.0.4/asm-5.0.4.jar:/Users/hohien/.m2/repository/io/reactivex/rxjava-reactive-streams/1.2.1/rxjava-reactive-streams-1.2.1.jar:/Users/hohien/.m2/repository/org/reactivestreams/reactive-streams/1.0.2/reactive-streams-1.0.2.jar:/Users/hohien/.m2/repository/org/springframework/boot/spring-boot-starter-actuator/2.0.4.RELEASE/spring-boot-starter-actuator-2.0.4.RELEASE.jar:/Users/hohien/.m2/repository/org/springframework/boot/spring-boot-actuator-autoconfigure/2.0.4.RELEASE/spring-boot-actuator-autoconfigure-2.0.4.RELEASE.jar:/Users/hohien/.m2/repository/org/springframework/boot/spring-boot-actuator/2.0.4.RELEASE/spring-boot-actuator-2.0.4.RELEASE.jar:/Users/hohien/.m2/repository/io/micrometer/micrometer-core/1.0.6/micrometer-core-1.0.6.jar:/Users/hohien/.m2/repository/org/latencyutils/LatencyUtils/2.0.3/LatencyUtils-2.0.3.jar:/Users/hohien/.m2/repository/org/springframework/cloud/spring-cloud-starter-sleuth/2.0.1.RELEASE/spring-cloud-starter-sleuth-2.0.1.RELEASE.jar:/Users/hohien/.m2/repository/org/springframework/cloud/spring-cloud-sleuth-core/2.0.1.RELEASE/spring-cloud-sleuth-core-2.0.1.RELEASE.jar:/Users/hohien/.m2/repository/org/aspectj/aspectjrt/1.8.13/aspectjrt-1.8.13.jar:/Users/hohien/.m2/repository/io/zipkin/brave/brave/5.1.4/brave-5.1.4.jar:/Users/hohien/.m2/repository/io/zipkin/brave/brave-context-log4j2/5.1.4/brave-context-log4j2-5.1.4.jar:/Users/hohien/.m2/repository/io/zipkin/brave/brave-instrumentation-spring-web/5.1.4/brave-instrumentation-spring-web-5.1.4.jar:/Users/hohien/.m2/repository/io/zipkin/brave/brave-instrumentation-http/5.1.4/brave-instrumentation-http-5.1.4.jar:/Users/hohien/.m2/repository/io/zipkin/brave/brave-instrumentation-spring-rabbit/5.1.4/brave-instrumentation-spring-rabbit-5.1.4.jar:/Users/hohien/.m2/repository/io/zipkin/brave/brave-instrumentation-kafka-clients/5.1.4/brave-instrumentation-kafka-clients-5.1.4.jar:/Users/hohien/.m2/repository/io/zipkin/brave/brave-instrumentation-httpclient/5.1.4/brave-instrumentation-httpclient-5.1.4.jar:/Users/hohien/.m2/repository/io/zipkin/brave/brave-instrumentation-httpasyncclient/5.1.4/brave-instrumentation-httpasyncclient-5.1.4.jar:/Users/hohien/.m2/repository/io/zipkin/brave/brave-instrumentation-spring-webmvc/5.1.4/brave-instrumentation-spring-webmvc-5.1.4.jar:/Users/hohien/.m2/repository/io/zipkin/brave/brave-instrumentation-servlet/5.1.4/brave-instrumentation-servlet-5.1.4.jar:/Users/hohien/.m2/repository/org/springframework/cloud/spring-cloud-starter-zipkin/2.0.1.RELEASE/spring-cloud-starter-zipkin-2.0.1.RELEASE.jar:/Users/hohien/.m2/repository/org/springframework/cloud/spring-cloud-sleuth-zipkin/2.0.1.RELEASE/spring-cloud-sleuth-zipkin-2.0.1.RELEASE.jar:/Users/hohien/.m2/repository/io/zipkin/zipkin2/zipkin/2.10.4/zipkin-2.10.4.jar:/Users/hohien/.m2/repository/io/zipkin/reporter2/zipkin-reporter/2.7.7/zipkin-reporter-2.7.7.jar:/Users/hohien/.m2/repository/io/zipkin/reporter2/zipkin-sender-kafka11/2.7.7/zipkin-sender-kafka11-2.7.7.jar:/Users/hohien/.m2/repository/io/zipkin/reporter2/zipkin-sender-amqp-client/2.7.7/zipkin-sender-amqp-client-2.7.7.jar:/Users/hohien/.m2/repository/org/springframework/cloud/spring-cloud-starter-config/2.0.1.RELEASE/spring-cloud-starter-config-2.0.1.RELEASE.jar:/Users/hohien/.m2/repository/org/springframework/cloud/spring-cloud-config-client/2.0.1.RELEASE/spring-cloud-config-client-2.0.1.RELEASE.jar:/Users/hohien/.m2/repository/com/fasterxml/jackson/core/jackson-databind/2.9.6/jackson-databind-2.9.6.jar:/Users/hohien/.m2/repository/org/springframework/security/oauth/spring-security-oauth2/2.3.3.RELEASE/spring-security-oauth2-2.3.3.RELEASE.jar:/Users/hohien/.m2/repository/org/springframework/spring-beans/5.0.8.RELEASE/spring-beans-5.0.8.RELEASE.jar:/Users/hohien/.m2/repository/org/springframework/spring-core/5.0.8.RELEASE/spring-core-5.0.8.RELEASE.jar:/Users/hohien/.m2/repository/org/springframework/spring-jcl/5.0.8.RELEASE/spring-jcl-5.0.8.RELEASE.jar:/Users/hohien/.m2/repository/org/springframework/spring-context/5.0.8.RELEASE/spring-context-5.0.8.RELEASE.jar:/Users/hohien/.m2/repository/org/springframework/security/spring-security-core/5.0.7.RELEASE/spring-security-core-5.0.7.RELEASE.jar:/Users/hohien/.m2/repository/org/springframework/security/spring-security-config/5.0.7.RELEASE/spring-security-config-5.0.7.RELEASE.jar:/Users/hohien/.m2/repository/org/springframework/security/spring-security-web/5.0.7.RELEASE/spring-security-web-5.0.7.RELEASE.jar:/Users/hohien/.m2/repository/commons-codec/commons-codec/1.11/commons-codec-1.11.jar:/Users/hohien/.m2/repository/org/codehaus/jackson/jackson-mapper-asl/1.9.13/jackson-mapper-asl-1.9.13.jar:/Users/hohien/.m2/repository/org/codehaus/jackson/jackson-core-asl/1.9.13/jackson-core-asl-1.9.13.jar:/Users/hohien/.m2/repository/org/springframework/boot/spring-boot-starter-security/2.0.4.RELEASE/spring-boot-starter-security-2.0.4.RELEASE.jar:/Users/hohien/.m2/repository/org/springframework/spring-aop/5.0.8.RELEASE/spring-aop-5.0.8.RELEASE.jar:/Users/hohien/.m2/repository/org/springframework/security/spring-security-jwt/1.0.9.RELEASE/spring-security-jwt-1.0.9.RELEASE.jar:/Users/hohien/.m2/repository/org/bouncycastle/bcpkix-jdk15on/1.56/bcpkix-jdk15on-1.56.jar:/Users/hohien/.m2/repository/org/bouncycastle/bcprov-jdk15on/1.56/bcprov-jdk15on-1.56.jar:/Users/hohien/.m2/repository/org/mariadb/jdbc/mariadb-java-client/2.2.6/mariadb-java-client-2.2.6.jar:/Users/hohien/.m2/repository/org/springframework/boot/spring-boot-starter-test/2.0.4.RELEASE/spring-boot-starter-test-2.0.4.RELEASE.jar:/Users/hohien/.m2/repository/org/springframework/boot/spring-boot-test/2.0.4.RELEASE/spring-boot-test-2.0.4.RELEASE.jar:/Users/hohien/.m2/repository/org/springframework/boot/spring-boot-test-autoconfigure/2.0.4.RELEASE/spring-boot-test-autoconfigure-2.0.4.RELEASE.jar:/Users/hohien/.m2/repository/com/jayway/jsonpath/json-path/2.4.0/json-path-2.4.0.jar:/Users/hohien/.m2/repository/net/minidev/json-smart/2.3/json-smart-2.3.jar:/Users/hohien/.m2/repository/net/minidev/accessors-smart/1.2/accessors-smart-1.2.jar:/Users/hohien/.m2/repository/org/assertj/assertj-core/3.9.1/assertj-core-3.9.1.jar:/Users/hohien/.m2/repository/org/mockito/mockito-core/2.15.0/mockito-core-2.15.0.jar:/Users/hohien/.m2/repository/net/bytebuddy/byte-buddy/1.7.11/byte-buddy-1.7.11.jar:/Users/hohien/.m2/repository/net/bytebuddy/byte-buddy-agent/1.7.11/byte-buddy-agent-1.7.11.jar:/Users/hohien/.m2/repository/org/objenesis/objenesis/2.6/objenesis-2.6.jar:/Users/hohien/.m2/repository/org/hamcrest/hamcrest-core/1.3/hamcrest-core-1.3.jar:/Users/hohien/.m2/repository/org/hamcrest/hamcrest-library/1.3/hamcrest-library-1.3.jar:/Users/hohien/.m2/repository/org/skyscreamer/jsonassert/1.5.0/jsonassert-1.5.0.jar:/Users/hohien/.m2/repository/com/vaadin/external/google/android-json/0.0.20131108.vaadin1/android-json-0.0.20131108.vaadin1.jar:/Users/hohien/.m2/repository/org/springframework/spring-test/5.0.8.RELEASE/spring-test-5.0.8.RELEASE.jar:/Users/hohien/.m2/repository/org/xmlunit/xmlunit-core/2.5.1/xmlunit-core-2.5.1.jar:/Users/hohien/.m2/repository/junit/junit/4.12/junit-4.12.jar:/Users/hohien/.m2/repository/org/liquibase/liquibase-core/3.5.5/liquibase-core-3.5.5.jar:/Users/hohien/.m2/repository/org/yaml/snakeyaml/1.19/snakeyaml-1.19.jar:/Users/hohien/.m2/repository/org/glassfish/jaxb/jaxb-runtime/2.3.0.1/jaxb-runtime-2.3.0.1.jar:/Users/hohien/.m2/repository/org/jvnet/staxex/stax-ex/1.7.8/stax-ex-1.7.8.jar:/Users/hohien/.m2/repository/com/sun/xml/fastinfoset/FastInfoset/1.2.13/FastInfoset-1.2.13.jar:/Users/hohien/.m2/repository/org/glassfish/jaxb/jaxb-core/2.3.0.1/jaxb-core-2.3.0.1.jar:/Users/hohien/.m2/repository/javax/xml/bind/jaxb-api/2.3.0/jaxb-api-2.3.0.jar:/Users/hohien/.m2/repository/org/glassfish/jaxb/txw2/2.3.0.1/txw2-2.3.0.1.jar:/Users/hohien/.m2/repository/com/sun/istack/istack-commons-runtime/3.0.5/istack-commons-runtime-3.0.5.jar:/Users/hohien/.m2/repository/javax/activation/activation/1.1.1/activation-1.1.1.jar:/Users/hohien/.m2/repository/commons-io/commons-io/2.6/commons-io-2.6.jar:/Users/hohien/IdeaProjects/edium-backend/library/target/library-0.0.1-SNAPSHOT.jar:/Users/hohien/.m2/repository/com/google/guava/guava/26.0-jre/guava-26.0-jre.jar:/Users/hohien/.m2/repository/com/google/code/findbugs/jsr305/3.0.2/jsr305-3.0.2.jar:/Users/hohien/.m2/repository/org/checkerframework/checker-qual/2.5.2/checker-qual-2.5.2.jar:/Users/hohien/.m2/repository/com/google/errorprone/error_prone_annotations/2.1.3/error_prone_annotations-2.1.3.jar:/Users/hohien/.m2/repository/com/google/j2objc/j2objc-annotations/1.1/j2objc-annotations-1.1.jar:/Users/hohien/.m2/repository/org/codehaus/mojo/animal-sniffer-annotations/1.14/animal-sniffer-annotations-1.14.jar:/Users/hohien/.m2/repository/org/springframework/cloud/spring-cloud-commons/2.0.1.RELEASE/spring-cloud-commons-2.0.1.RELEASE.jar:/Users/hohien/.m2/repository/org/springframework/security/spring-security-crypto/5.0.7.RELEASE/spring-security-crypto-5.0.7.RELEASE.jar:/Users/hohien/.m2/repository/com/google/code/gson/gson/2.8.5/gson-2.8.5.jar:/Users/hohien/.m2/repository/com/redislabs/jredisgraph/1.0.3/jredisgraph-1.0.3.jar:/Users/hohien/.m2/repository/org/apache/commons/commons-pool2/2.5.0/commons-pool2-2.5.0.jar:/Users/hohien/.m2/repository/com/redislabs/jredisearch-jedis/3.0.0-20180508/jredisearch-jedis-3.0.0-20180508.jar:"/>
    <property name="java.vm.vendor" value="&quot;Oracle Corporation&quot;"/>
    <property name="sun.arch.data.model" value="64"/>
    <property name="java.vendor.url" value="http://java.oracle.com/"/>
    <property name="user.timezone" value=""/>
    <property name="java.vm.specification.version" value="10"/>
    <property name="os.name" value="Mac OS X"/>
    <property name="sun.java.launcher" value="SUN_STANDARD"/>
    <property name="user.country" value="VN"/>
    <property name="sun.boot.library.path" value="/Library/Java/JavaVirtualMachines/jdk-10.0.2.jdk/Contents/Home/lib"/>
    <property name="sun.java.command" value="/Users/hohien/IdeaProjects/edium-backend/core-service/target/surefire/surefirebooter12762475799744892148.jar /Users/hohien/IdeaProjects/edium-backend/core-service/target/surefire 2018-10-15T11-32-23_709-jvmRun1 surefire13027472853511069995tmp surefire_49207943902439688520tmp"/>
    <property name="http.nonProxyHosts" value="local|*.local|169.254/16|*.169.254/16"/>
    <property name="jdk.debug" value="release"/>
    <property name="surefire.test.class.path" value="/Users/hohien/IdeaProjects/edium-backend/core-service/target/test-classes:/Users/hohien/IdeaProjects/edium-backend/core-service/target/classes:/Users/hohien/.m2/repository/org/springframework/boot/spring-boot-starter-data-jpa/2.0.4.RELEASE/spring-boot-starter-data-jpa-2.0.4.RELEASE.jar:/Users/hohien/.m2/repository/org/springframework/boot/spring-boot-starter/2.0.4.RELEASE/spring-boot-starter-2.0.4.RELEASE.jar:/Users/hohien/.m2/repository/org/springframework/boot/spring-boot-starter-logging/2.0.4.RELEASE/spring-boot-starter-logging-2.0.4.RELEASE.jar:/Users/hohien/.m2/repository/ch/qos/logback/logback-classic/1.2.3/logback-classic-1.2.3.jar:/Users/hohien/.m2/repository/ch/qos/logback/logback-core/1.2.3/logback-core-1.2.3.jar:/Users/hohien/.m2/repository/org/apache/logging/log4j/log4j-to-slf4j/2.10.0/log4j-to-slf4j-2.10.0.jar:/Users/hohien/.m2/repository/org/apache/logging/log4j/log4j-api/2.10.0/log4j-api-2.10.0.jar:/Users/hohien/.m2/repository/org/slf4j/jul-to-slf4j/1.7.25/jul-to-slf4j-1.7.25.jar:/Users/hohien/.m2/repository/javax/annotation/javax.annotation-api/1.3.2/javax.annotation-api-1.3.2.jar:/Users/hohien/.m2/repository/org/springframework/boot/spring-boot-starter-aop/2.0.4.RELEASE/spring-boot-starter-aop-2.0.4.RELEASE.jar:/Users/hohien/.m2/repository/org/aspectj/aspectjweaver/1.8.13/aspectjweaver-1.8.13.jar:/Users/hohien/.m2/repository/org/springframework/boot/spring-boot-starter-jdbc/2.0.4.RELEASE/spring-boot-starter-jdbc-2.0.4.RELEASE.jar:/Users/hohien/.m2/repository/com/zaxxer/HikariCP/2.7.9/HikariCP-2.7.9.jar:/Users/hohien/.m2/repository/org/springframework/spring-jdbc/5.0.8.RELEASE/spring-jdbc-5.0.8.RELEASE.jar:/Users/hohien/.m2/repository/org/hibernate/hibernate-core/5.2.17.Final/hibernate-core-5.2.17.Final.jar:/Users/hohien/.m2/repository/org/jboss/logging/jboss-logging/3.3.2.Final/jboss-logging-3.3.2.Final.jar:/Users/hohien/.m2/repository/org/hibernate/javax/persistence/hibernate-jpa-2.1-api/1.0.2.Final/hibernate-jpa-2.1-api-1.0.2.Final.jar:/Users/hohien/.m2/repository/org/javassist/javassist/3.22.0-GA/javassist-3.22.0-GA.jar:/Users/hohien/.m2/repository/antlr/antlr/2.7.7/antlr-2.7.7.jar:/Users/hohien/.m2/repository/org/jboss/jandex/2.0.3.Final/jandex-2.0.3.Final.jar:/Users/hohien/.m2/repository/com/fasterxml/classmate/1.3.4/classmate-1.3.4.jar:/Users/hohien/.m2/repository/dom4j/dom4j/1.6.1/dom4j-1.6.1.jar:/Users/hohien/.m2/repository/org/hibernate/common/hibernate-commons-annotations/5.0.1.Final/hibernate-commons-annotations-5.0.1.Final.jar:/Users/hohien/.m2/repository/javax/transaction/javax.transaction-api/1.2/javax.transaction-api-1.2.jar:/Users/hohien/.m2/repository/org/springframework/data/spring-data-jpa/2.0.9.RELEASE/spring-data-jpa-2.0.9.RELEASE.jar:/Users/hohien/.m2/repository/org/springframework/data/spring-data-commons/2.0.9.RELEASE/spring-data-commons-2.0.9.RELEASE.jar:/Users/hohien/.m2/repository/org/springframework/spring-orm/5.0.8.RELEASE/spring-orm-5.0.8.RELEASE.jar:/Users/hohien/.m2/repository/org/springframework/spring-tx/5.0.8.RELEASE/spring-tx-5.0.8.RELEASE.jar:/Users/hohien/.m2/repository/org/slf4j/slf4j-api/1.7.25/slf4j-api-1.7.25.jar:/Users/hohien/.m2/repository/org/springframework/spring-aspects/5.0.8.RELEASE/spring-aspects-5.0.8.RELEASE.jar:/Users/hohien/.m2/repository/org/springframework/boot/spring-boot-starter-web/2.0.4.RELEASE/spring-boot-starter-web-2.0.4.RELEASE.jar:/Users/hohien/.m2/repository/org/springframework/boot/spring-boot-starter-json/2.0.4.RELEASE/spring-boot-starter-json-2.0.4.RELEASE.jar:/Users/hohien/.m2/repository/com/fasterxml/jackson/datatype/jackson-datatype-jdk8/2.9.6/jackson-datatype-jdk8-2.9.6.jar:/Users/hohien/.m2/repository/com/fasterxml/jackson/datatype/jackson-datatype-jsr310/2.9.6/jackson-datatype-jsr310-2.9.6.jar:/Users/hohien/.m2/repository/com/fasterxml/jackson/module/jackson-module-parameter-names/2.9.6/jackson-module-parameter-names-2.9.6.jar:/Users/hohien/.m2/repository/org/hibernate/validator/hibernate-validator/6.0.11.Final/hibernate-validator-6.0.11.Final.jar:/Users/hohien/.m2/repository/javax/validation/validation-api/2.0.1.Final/validation-api-2.0.1.Final.jar:/Users/hohien/.m2/repository/org/springframework/spring-web/5.0.8.RELEASE/spring-web-5.0.8.RELEASE.jar:/Users/hohien/.m2/repository/org/springframework/spring-webmvc/5.0.8.RELEASE/spring-webmvc-5.0.8.RELEASE.jar:/Users/hohien/.m2/repository/org/springframework/spring-expression/5.0.8.RELEASE/spring-expression-5.0.8.RELEASE.jar:/Users/hohien/.m2/repository/org/springframework/boot/spring-boot-starter-jetty/2.0.4.RELEASE/spring-boot-starter-jetty-2.0.4.RELEASE.jar:/Users/hohien/.m2/repository/org/eclipse/jetty/jetty-servlets/9.4.11.v20180605/jetty-servlets-9.4.11.v20180605.jar:/Users/hohien/.m2/repository/org/eclipse/jetty/jetty-continuation/9.4.11.v20180605/jetty-continuation-9.4.11.v20180605.jar:/Users/hohien/.m2/repository/org/eclipse/jetty/jetty-http/9.4.11.v20180605/jetty-http-9.4.11.v20180605.jar:/Users/hohien/.m2/repository/org/eclipse/jetty/jetty-util/9.4.11.v20180605/jetty-util-9.4.11.v20180605.jar:/Users/hohien/.m2/repository/org/eclipse/jetty/jetty-io/9.4.11.v20180605/jetty-io-9.4.11.v20180605.jar:/Users/hohien/.m2/repository/org/eclipse/jetty/jetty-webapp/9.4.11.v20180605/jetty-webapp-9.4.11.v20180605.jar:/Users/hohien/.m2/repository/org/eclipse/jetty/jetty-xml/9.4.11.v20180605/jetty-xml-9.4.11.v20180605.jar:/Users/hohien/.m2/repository/org/eclipse/jetty/jetty-servlet/9.4.11.v20180605/jetty-servlet-9.4.11.v20180605.jar:/Users/hohien/.m2/repository/org/eclipse/jetty/jetty-security/9.4.11.v20180605/jetty-security-9.4.11.v20180605.jar:/Users/hohien/.m2/repository/org/eclipse/jetty/jetty-server/9.4.11.v20180605/jetty-server-9.4.11.v20180605.jar:/Users/hohien/.m2/repository/org/eclipse/jetty/websocket/websocket-server/9.4.11.v20180605/websocket-server-9.4.11.v20180605.jar:/Users/hohien/.m2/repository/org/eclipse/jetty/websocket/websocket-common/9.4.11.v20180605/websocket-common-9.4.11.v20180605.jar:/Users/hohien/.m2/repository/org/eclipse/jetty/websocket/websocket-api/9.4.11.v20180605/websocket-api-9.4.11.v20180605.jar:/Users/hohien/.m2/repository/org/eclipse/jetty/websocket/websocket-client/9.4.11.v20180605/websocket-client-9.4.11.v20180605.jar:/Users/hohien/.m2/repository/org/eclipse/jetty/jetty-client/9.4.11.v20180605/jetty-client-9.4.11.v20180605.jar:/Users/hohien/.m2/repository/org/eclipse/jetty/websocket/websocket-servlet/9.4.11.v20180605/websocket-servlet-9.4.11.v20180605.jar:/Users/hohien/.m2/repository/javax/servlet/javax.servlet-api/3.1.0/javax.servlet-api-3.1.0.jar:/Users/hohien/.m2/repository/org/eclipse/jetty/websocket/javax-websocket-server-impl/9.4.11.v20180605/javax-websocket-server-impl-9.4.11.v20180605.jar:/Users/hohien/.m2/repository/org/eclipse/jetty/jetty-annotations/9.4.11.v20180605/jetty-annotations-9.4.11.v20180605.jar:/Users/hohien/.m2/repository/org/eclipse/jetty/jetty-plus/9.4.11.v20180605/jetty-plus-9.4.11.v20180605.jar:/Users/hohien/.m2/repository/org/ow2/asm/asm-commons/6.2/asm-commons-6.2.jar:/Users/hohien/.m2/repository/org/ow2/asm/asm-tree/6.2/asm-tree-6.2.jar:/Users/hohien/.m2/repository/org/ow2/asm/asm-analysis/6.2/asm-analysis-6.2.jar:/Users/hohien/.m2/repository/org/eclipse/jetty/websocket/javax-websocket-client-impl/9.4.11.v20180605/javax-websocket-client-impl-9.4.11.v20180605.jar:/Users/hohien/.m2/repository/javax/websocket/javax.websocket-api/1.0/javax.websocket-api-1.0.jar:/Users/hohien/.m2/repository/org/mortbay/jasper/apache-el/8.5.24.2/apache-el-8.5.24.2.jar:/Users/hohien/.m2/repository/org/springframework/boot/spring-boot-devtools/2.0.4.RELEASE/spring-boot-devtools-2.0.4.RELEASE.jar:/Users/hohien/.m2/repository/org/springframework/boot/spring-boot/2.0.4.RELEASE/spring-boot-2.0.4.RELEASE.jar:/Users/hohien/.m2/repository/org/springframework/boot/spring-boot-autoconfigure/2.0.4.RELEASE/spring-boot-autoconfigure-2.0.4.RELEASE.jar:/Users/hohien/.m2/repository/org/springframework/cloud/spring-cloud-starter-netflix-eureka-client/2.0.1.RELEASE/spring-cloud-starter-netflix-eureka-client-2.0.1.RELEASE.jar:/Users/hohien/.m2/repository/org/springframework/cloud/spring-cloud-starter/2.0.1.RELEASE/spring-cloud-starter-2.0.1.RELEASE.jar:/Users/hohien/.m2/repository/org/springframework/cloud/spring-cloud-context/2.0.1.RELEASE/spring-cloud-context-2.0.1.RELEASE.jar:/Users/hohien/.m2/repository/org/springframework/security/spring-security-rsa/1.0.5.RELEASE/spring-security-rsa-1.0.5.RELEASE.jar:/Users/hohien/.m2/repository/org/springframework/cloud/spring-cloud-netflix-core/2.0.1.RELEASE/spring-cloud-netflix-core-2.0.1.RELEASE.jar:/Users/hohien/.m2/repository/org/springframework/cloud/spring-cloud-netflix-eureka-client/2.0.1.RELEASE/spring-cloud-netflix-eureka-client-2.0.1.RELEASE.jar:/Users/hohien/.m2/repository/com/netflix/eureka/eureka-client/1.9.3/eureka-client-1.9.3.jar:/Users/hohien/.m2/repository/org/codehaus/jettison/jettison/1.3.7/jettison-1.3.7.jar:/Users/hohien/.m2/repository/stax/stax-api/1.0.1/stax-api-1.0.1.jar:/Users/hohien/.m2/repository/com/netflix/netflix-commons/netflix-eventbus/0.3.0/netflix-eventbus-0.3.0.jar:/Users/hohien/.m2/repository/com/netflix/netflix-commons/netflix-infix/0.3.0/netflix-infix-0.3.0.jar:/Users/hohien/.m2/repository/commons-jxpath/commons-jxpath/1.3/commons-jxpath-1.3.jar:/Users/hohien/.m2/repository/joda-time/joda-time/2.9.9/joda-time-2.9.9.jar:/Users/hohien/.m2/repository/org/antlr/antlr-runtime/3.4/antlr-runtime-3.4.jar:/Users/hohien/.m2/repository/org/antlr/stringtemplate/3.2.1/stringtemplate-3.2.1.jar:/Users/hohien/.m2/repository/org/apache/commons/commons-math/2.2/commons-math-2.2.jar:/Users/hohien/.m2/repository/com/netflix/archaius/archaius-core/0.7.6/archaius-core-0.7.6.jar:/Users/hohien/.m2/repository/javax/ws/rs/jsr311-api/1.1.1/jsr311-api-1.1.1.jar:/Users/hohien/.m2/repository/com/netflix/servo/servo-core/0.12.21/servo-core-0.12.21.jar:/Users/hohien/.m2/repository/org/apache/httpcomponents/httpclient/4.5.6/httpclient-4.5.6.jar:/Users/hohien/.m2/repository/org/apache/httpcomponents/httpcore/4.4.10/httpcore-4.4.10.jar:/Users/hohien/.m2/repository/com/google/inject/guice/4.1.0/guice-4.1.0.jar:/Users/hohien/.m2/repository/javax/inject/javax.inject/1/javax.inject-1.jar:/Users/hohien/.m2/repository/aopalliance/aopalliance/1.0/aopalliance-1.0.jar:/Users/hohien/.m2/repository/com/github/vlsi/compactmap/compactmap/1.2.1/compactmap-1.2.1.jar:/Users/hohien/.m2/repository/com/github/andrewoma/dexx/dexx-collections/0.2/dexx-collections-0.2.jar:/Users/hohien/.m2/repository/com/fasterxml/jackson/core/jackson-annotations/2.9.0/jackson-annotations-2.9.0.jar:/Users/hohien/.m2/repository/com/fasterxml/jackson/core/jackson-core/2.9.6/jackson-core-2.9.6.jar:/Users/hohien/.m2/repository/com/netflix/eureka/eureka-core/1.9.3/eureka-core-1.9.3.jar:/Users/hohien/.m2/repository/org/codehaus/woodstox/woodstox-core-asl/4.4.1/woodstox-core-asl-4.4.1.jar:/Users/hohien/.m2/repository/javax/xml/stream/stax-api/1.0-2/stax-api-1.0-2.jar:/Users/hohien/.m2/repository/org/codehaus/woodstox/stax2-api/3.1.4/stax2-api-3.1.4.jar:/Users/hohien/.m2/repository/org/springframework/cloud/spring-cloud-starter-netflix-archaius/2.0.1.RELEASE/spring-cloud-starter-netflix-archaius-2.0.1.RELEASE.jar:/Users/hohien/.m2/repository/org/springframework/cloud/spring-cloud-netflix-archaius/2.0.1.RELEASE/spring-cloud-netflix-archaius-2.0.1.RELEASE.jar:/Users/hohien/.m2/repository/commons-configuration/commons-configuration/1.8/commons-configuration-1.8.jar:/Users/hohien/.m2/repository/commons-lang/commons-lang/2.6/commons-lang-2.6.jar:/Users/hohien/.m2/repository/org/springframework/cloud/spring-cloud-starter-netflix-ribbon/2.0.1.RELEASE/spring-cloud-starter-netflix-ribbon-2.0.1.RELEASE.jar:/Users/hohien/.m2/repository/com/netflix/ribbon/ribbon/2.2.5/ribbon-2.2.5.jar:/Users/hohien/.m2/repository/com/netflix/ribbon/ribbon-transport/2.2.5/ribbon-transport-2.2.5.jar:/Users/hohien/.m2/repository/io/reactivex/rxnetty-contexts/0.4.9/rxnetty-contexts-0.4.9.jar:/Users/hohien/.m2/repository/io/reactivex/rxnetty-servo/0.4.9/rxnetty-servo-0.4.9.jar:/Users/hohien/.m2/repository/io/reactivex/rxnetty/0.4.9/rxnetty-0.4.9.jar:/Users/hohien/.m2/repository/io/netty/netty-codec-http/4.1.27.Final/netty-codec-http-4.1.27.Final.jar:/Users/hohien/.m2/repository/io/netty/netty-codec/4.1.27.Final/netty-codec-4.1.27.Final.jar:/Users/hohien/.m2/repository/io/netty/netty-transport-native-epoll/4.1.27.Final/netty-transport-native-epoll-4.1.27.Final.jar:/Users/hohien/.m2/repository/io/netty/netty-common/4.1.27.Final/netty-common-4.1.27.Final.jar:/Users/hohien/.m2/repository/io/netty/netty-buffer/4.1.27.Final/netty-buffer-4.1.27.Final.jar:/Users/hohien/.m2/repository/io/netty/netty-transport-native-unix-common/4.1.27.Final/netty-transport-native-unix-common-4.1.27.Final.jar:/Users/hohien/.m2/repository/io/netty/netty-transport/4.1.27.Final/netty-transport-4.1.27.Final.jar:/Users/hohien/.m2/repository/io/netty/netty-resolver/4.1.27.Final/netty-resolver-4.1.27.Final.jar:/Users/hohien/.m2/repository/com/netflix/ribbon/ribbon-core/2.2.5/ribbon-core-2.2.5.jar:/Users/hohien/.m2/repository/com/netflix/ribbon/ribbon-httpclient/2.2.5/ribbon-httpclient-2.2.5.jar:/Users/hohien/.m2/repository/commons-collections/commons-collections/3.2.2/commons-collections-3.2.2.jar:/Users/hohien/.m2/repository/com/netflix/netflix-commons/netflix-commons-util/0.3.0/netflix-commons-util-0.3.0.jar:/Users/hohien/.m2/repository/com/netflix/ribbon/ribbon-loadbalancer/2.2.5/ribbon-loadbalancer-2.2.5.jar:/Users/hohien/.m2/repository/com/netflix/netflix-commons/netflix-statistics/0.1.1/netflix-statistics-0.1.1.jar:/Users/hohien/.m2/repository/io/reactivex/rxjava/1.3.8/rxjava-1.3.8.jar:/Users/hohien/.m2/repository/com/netflix/ribbon/ribbon-eureka/2.2.5/ribbon-eureka-2.2.5.jar:/Users/hohien/.m2/repository/com/thoughtworks/xstream/xstream/1.4.10/xstream-1.4.10.jar:/Users/hohien/.m2/repository/xmlpull/xmlpull/1.1.3.1/xmlpull-1.1.3.1.jar:/Users/hohien/.m2/repository/xpp3/xpp3_min/1.1.4c/xpp3_min-1.1.4c.jar:/Users/hohien/.m2/repository/org/springframework/cloud/spring-cloud-starter-netflix-hystrix/2.0.1.RELEASE/spring-cloud-starter-netflix-hystrix-2.0.1.RELEASE.jar:/Users/hohien/.m2/repository/org/springframework/cloud/spring-cloud-netflix-ribbon/2.0.1.RELEASE/spring-cloud-netflix-ribbon-2.0.1.RELEASE.jar:/Users/hohien/.m2/repository/com/netflix/hystrix/hystrix-core/1.5.12/hystrix-core-1.5.12.jar:/Users/hohien/.m2/repository/org/hdrhistogram/HdrHistogram/2.1.9/HdrHistogram-2.1.9.jar:/Users/hohien/.m2/repository/com/netflix/hystrix/hystrix-serialization/1.5.12/hystrix-serialization-1.5.12.jar:/Users/hohien/.m2/repository/com/fasterxml/jackson/module/jackson-module-afterburner/2.9.6/jackson-module-afterburner-2.9.6.jar:/Users/hohien/.m2/repository/com/netflix/hystrix/hystrix-metrics-event-stream/1.5.12/hystrix-metrics-event-stream-1.5.12.jar:/Users/hohien/.m2/repository/com/netflix/hystrix/hystrix-javanica/1.5.12/hystrix-javanica-1.5.12.jar:/Users/hohien/.m2/repository/org/apache/commons/commons-lang3/3.7/commons-lang3-3.7.jar:/Users/hohien/.m2/repository/org/ow2/asm/asm/5.0.4/asm-5.0.4.jar:/Users/hohien/.m2/repository/io/reactivex/rxjava-reactive-streams/1.2.1/rxjava-reactive-streams-1.2.1.jar:/Users/hohien/.m2/repository/org/reactivestreams/reactive-streams/1.0.2/reactive-streams-1.0.2.jar:/Users/hohien/.m2/repository/org/springframework/boot/spring-boot-starter-actuator/2.0.4.RELEASE/spring-boot-starter-actuator-2.0.4.RELEASE.jar:/Users/hohien/.m2/repository/org/springframework/boot/spring-boot-actuator-autoconfigure/2.0.4.RELEASE/spring-boot-actuator-autoconfigure-2.0.4.RELEASE.jar:/Users/hohien/.m2/repository/org/springframework/boot/spring-boot-actuator/2.0.4.RELEASE/spring-boot-actuator-2.0.4.RELEASE.jar:/Users/hohien/.m2/repository/io/micrometer/micrometer-core/1.0.6/micrometer-core-1.0.6.jar:/Users/hohien/.m2/repository/org/latencyutils/LatencyUtils/2.0.3/LatencyUtils-2.0.3.jar:/Users/hohien/.m2/repository/org/springframework/cloud/spring-cloud-starter-sleuth/2.0.1.RELEASE/spring-cloud-starter-sleuth-2.0.1.RELEASE.jar:/Users/hohien/.m2/repository/org/springframework/cloud/spring-cloud-sleuth-core/2.0.1.RELEASE/spring-cloud-sleuth-core-2.0.1.RELEASE.jar:/Users/hohien/.m2/repository/org/aspectj/aspectjrt/1.8.13/aspectjrt-1.8.13.jar:/Users/hohien/.m2/repository/io/zipkin/brave/brave/5.1.4/brave-5.1.4.jar:/Users/hohien/.m2/repository/io/zipkin/brave/brave-context-log4j2/5.1.4/brave-context-log4j2-5.1.4.jar:/Users/hohien/.m2/repository/io/zipkin/brave/brave-instrumentation-spring-web/5.1.4/brave-instrumentation-spring-web-5.1.4.jar:/Users/hohien/.m2/repository/io/zipkin/brave/brave-instrumentation-http/5.1.4/brave-instrumentation-http-5.1.4.jar:/Users/hohien/.m2/repository/io/zipkin/brave/brave-instrumentation-spring-rabbit/5.1.4/brave-instrumentation-spring-rabbit-5.1.4.jar:/Users/hohien/.m2/repository/io/zipkin/brave/brave-instrumentation-kafka-clients/5.1.4/brave-instrumentation-kafka-clients-5.1.4.jar:/Users/hohien/.m2/repository/io/zipkin/brave/brave-instrumentation-httpclient/5.1.4/brave-instrumentation-httpclient-5.1.4.jar:/Users/hohien/.m2/repository/io/zipkin/brave/brave-instrumentation-httpasyncclient/5.1.4/brave-instrumentation-httpasyncclient-5.1.4.jar:/Users/hohien/.m2/repository/io/zipkin/brave/brave-instrumentation-spring-webmvc/5.1.4/brave-instrumentation-spring-webmvc-5.1.4.jar:/Users/hohien/.m2/repository/io/zipkin/brave/brave-instrumentation-servlet/5.1.4/brave-instrumentation-servlet-5.1.4.jar:/Users/hohien/.m2/repository/org/springframework/cloud/spring-cloud-starter-zipkin/2.0.1.RELEASE/spring-cloud-starter-zipkin-2.0.1.RELEASE.jar:/Users/hohien/.m2/repository/org/springframework/cloud/spring-cloud-sleuth-zipkin/2.0.1.RELEASE/spring-cloud-sleuth-zipkin-2.0.1.RELEASE.jar:/Users/hohien/.m2/repository/io/zipkin/zipkin2/zipkin/2.10.4/zipkin-2.10.4.jar:/Users/hohien/.m2/repository/io/zipkin/reporter2/zipkin-reporter/2.7.7/zipkin-reporter-2.7.7.jar:/Users/hohien/.m2/repository/io/zipkin/reporter2/zipkin-sender-kafka11/2.7.7/zipkin-sender-kafka11-2.7.7.jar:/Users/hohien/.m2/repository/io/zipkin/reporter2/zipkin-sender-amqp-client/2.7.7/zipkin-sender-amqp-client-2.7.7.jar:/Users/hohien/.m2/repository/org/springframework/cloud/spring-cloud-starter-config/2.0.1.RELEASE/spring-cloud-starter-config-2.0.1.RELEASE.jar:/Users/hohien/.m2/repository/org/springframework/cloud/spring-cloud-config-client/2.0.1.RELEASE/spring-cloud-config-client-2.0.1.RELEASE.jar:/Users/hohien/.m2/repository/com/fasterxml/jackson/core/jackson-databind/2.9.6/jackson-databind-2.9.6.jar:/Users/hohien/.m2/repository/org/springframework/security/oauth/spring-security-oauth2/2.3.3.RELEASE/spring-security-oauth2-2.3.3.RELEASE.jar:/Users/hohien/.m2/repository/org/springframework/spring-beans/5.0.8.RELEASE/spring-beans-5.0.8.RELEASE.jar:/Users/hohien/.m2/repository/org/springframework/spring-core/5.0.8.RELEASE/spring-core-5.0.8.RELEASE.jar:/Users/hohien/.m2/repository/org/springframework/spring-jcl/5.0.8.RELEASE/spring-jcl-5.0.8.RELEASE.jar:/Users/hohien/.m2/repository/org/springframework/spring-context/5.0.8.RELEASE/spring-context-5.0.8.RELEASE.jar:/Users/hohien/.m2/repository/org/springframework/security/spring-security-core/5.0.7.RELEASE/spring-security-core-5.0.7.RELEASE.jar:/Users/hohien/.m2/repository/org/springframework/security/spring-security-config/5.0.7.RELEASE/spring-security-config-5.0.7.RELEASE.jar:/Users/hohien/.m2/repository/org/springframework/security/spring-security-web/5.0.7.RELEASE/spring-security-web-5.0.7.RELEASE.jar:/Users/hohien/.m2/repository/commons-codec/commons-codec/1.11/commons-codec-1.11.jar:/Users/hohien/.m2/repository/org/codehaus/jackson/jackson-mapper-asl/1.9.13/jackson-mapper-asl-1.9.13.jar:/Users/hohien/.m2/repository/org/codehaus/jackson/jackson-core-asl/1.9.13/jackson-core-asl-1.9.13.jar:/Users/hohien/.m2/repository/org/springframework/boot/spring-boot-starter-security/2.0.4.RELEASE/spring-boot-starter-security-2.0.4.RELEASE.jar:/Users/hohien/.m2/repository/org/springframework/spring-aop/5.0.8.RELEASE/spring-aop-5.0.8.RELEASE.jar:/Users/hohien/.m2/repository/org/springframework/security/spring-security-jwt/1.0.9.RELEASE/spring-security-jwt-1.0.9.RELEASE.jar:/Users/hohien/.m2/repository/org/bouncycastle/bcpkix-jdk15on/1.56/bcpkix-jdk15on-1.56.jar:/Users/hohien/.m2/repository/org/bouncycastle/bcprov-jdk15on/1.56/bcprov-jdk15on-1.56.jar:/Users/hohien/.m2/repository/org/mariadb/jdbc/mariadb-java-client/2.2.6/mariadb-java-client-2.2.6.jar:/Users/hohien/.m2/repository/org/springframework/boot/spring-boot-starter-test/2.0.4.RELEASE/spring-boot-starter-test-2.0.4.RELEASE.jar:/Users/hohien/.m2/repository/org/springframework/boot/spring-boot-test/2.0.4.RELEASE/spring-boot-test-2.0.4.RELEASE.jar:/Users/hohien/.m2/repository/org/springframework/boot/spring-boot-test-autoconfigure/2.0.4.RELEASE/spring-boot-test-autoconfigure-2.0.4.RELEASE.jar:/Users/hohien/.m2/repository/com/jayway/jsonpath/json-path/2.4.0/json-path-2.4.0.jar:/Users/hohien/.m2/repository/net/minidev/json-smart/2.3/json-smart-2.3.jar:/Users/hohien/.m2/repository/net/minidev/accessors-smart/1.2/accessors-smart-1.2.jar:/Users/hohien/.m2/repository/org/assertj/assertj-core/3.9.1/assertj-core-3.9.1.jar:/Users/hohien/.m2/repository/org/mockito/mockito-core/2.15.0/mockito-core-2.15.0.jar:/Users/hohien/.m2/repository/net/bytebuddy/byte-buddy/1.7.11/byte-buddy-1.7.11.jar:/Users/hohien/.m2/repository/net/bytebuddy/byte-buddy-agent/1.7.11/byte-buddy-agent-1.7.11.jar:/Users/hohien/.m2/repository/org/objenesis/objenesis/2.6/objenesis-2.6.jar:/Users/hohien/.m2/repository/org/hamcrest/hamcrest-core/1.3/hamcrest-core-1.3.jar:/Users/hohien/.m2/repository/org/hamcrest/hamcrest-library/1.3/hamcrest-library-1.3.jar:/Users/hohien/.m2/repository/org/skyscreamer/jsonassert/1.5.0/jsonassert-1.5.0.jar:/Users/hohien/.m2/repository/com/vaadin/external/google/android-json/0.0.20131108.vaadin1/android-json-0.0.20131108.vaadin1.jar:/Users/hohien/.m2/repository/org/springframework/spring-test/5.0.8.RELEASE/spring-test-5.0.8.RELEASE.jar:/Users/hohien/.m2/repository/org/xmlunit/xmlunit-core/2.5.1/xmlunit-core-2.5.1.jar:/Users/hohien/.m2/repository/junit/junit/4.12/junit-4.12.jar:/Users/hohien/.m2/repository/org/liquibase/liquibase-core/3.5.5/liquibase-core-3.5.5.jar:/Users/hohien/.m2/repository/org/yaml/snakeyaml/1.19/snakeyaml-1.19.jar:/Users/hohien/.m2/repository/org/glassfish/jaxb/jaxb-runtime/2.3.0.1/jaxb-runtime-2.3.0.1.jar:/Users/hohien/.m2/repository/org/jvnet/staxex/stax-ex/1.7.8/stax-ex-1.7.8.jar:/Users/hohien/.m2/repository/com/sun/xml/fastinfoset/FastInfoset/1.2.13/FastInfoset-1.2.13.jar:/Users/hohien/.m2/repository/org/glassfish/jaxb/jaxb-core/2.3.0.1/jaxb-core-2.3.0.1.jar:/Users/hohien/.m2/repository/javax/xml/bind/jaxb-api/2.3.0/jaxb-api-2.3.0.jar:/Users/hohien/.m2/repository/org/glassfish/jaxb/txw2/2.3.0.1/txw2-2.3.0.1.jar:/Users/hohien/.m2/repository/com/sun/istack/istack-commons-runtime/3.0.5/istack-commons-runtime-3.0.5.jar:/Users/hohien/.m2/repository/javax/activation/activation/1.1.1/activation-1.1.1.jar:/Users/hohien/.m2/repository/commons-io/commons-io/2.6/commons-io-2.6.jar:/Users/hohien/IdeaProjects/edium-backend/library/target/library-0.0.1-SNAPSHOT.jar:/Users/hohien/.m2/repository/com/google/guava/guava/26.0-jre/guava-26.0-jre.jar:/Users/hohien/.m2/repository/com/google/code/findbugs/jsr305/3.0.2/jsr305-3.0.2.jar:/Users/hohien/.m2/repository/org/checkerframework/checker-qual/2.5.2/checker-qual-2.5.2.jar:/Users/hohien/.m2/repository/com/google/errorprone/error_prone_annotations/2.1.3/error_prone_annotations-2.1.3.jar:/Users/hohien/.m2/repository/com/google/j2objc/j2objc-annotations/1.1/j2objc-annotations-1.1.jar:/Users/hohien/.m2/repository/org/codehaus/mojo/animal-sniffer-annotations/1.14/animal-sniffer-annotations-1.14.jar:/Users/hohien/.m2/repository/org/springframework/cloud/spring-cloud-commons/2.0.1.RELEASE/spring-cloud-commons-2.0.1.RELEASE.jar:/Users/hohien/.m2/repository/org/springframework/security/spring-security-crypto/5.0.7.RELEASE/spring-security-crypto-5.0.7.RELEASE.jar:/Users/hohien/.m2/repository/com/google/code/gson/gson/2.8.5/gson-2.8.5.jar:/Users/hohien/.m2/repository/com/redislabs/jredisgraph/1.0.3/jredisgraph-1.0.3.jar:/Users/hohien/.m2/repository/org/apache/commons/commons-pool2/2.5.0/commons-pool2-2.5.0.jar:/Users/hohien/.m2/repository/com/redislabs/jredisearch-jedis/3.0.0-20180508/jredisearch-jedis-3.0.0-20180508.jar:"/>
    <property name="sun.cpu.endian" value="little"/>
    <property name="user.home" value="/Users/hohien"/>
    <property name="user.language" value="en"/>
    <property name="java.specification.vendor" value="Oracle Corporation"/>
    <property name="java.version.date" value="2018-07-17"/>
    <property name="java.home" value="/Library/Java/JavaVirtualMachines/jdk-10.0.2.jdk/Contents/Home"/>
    <property name="file.separator" value="/"/>
    <property name="basedir" value="/Users/hohien/IdeaProjects/edium-backend/core-service"/>
    <property name="java.vm.compressedOopsMode" value="Zero based"/>
    <property name="line.separator" value="&#10;"/>
    <property name="java.specification.name" value="Java Platform API Specification"/>
    <property name="java.vm.specification.vendor" value="Oracle Corporation"/>
    <property name="java.awt.graphicsenv" value="sun.awt.CGraphicsEnvironment"/>
    <property name="surefire.real.class.path" value="/Users/hohien/IdeaProjects/edium-backend/core-service/target/surefire/surefirebooter12762475799744892148.jar"/>
    <property name="sun.management.compiler" value="HotSpot 64-Bit Tiered Compilers"/>
    <property name="ftp.nonProxyHosts" value="local|*.local|169.254/16|*.169.254/16"/>
    <property name="java.runtime.version" value="10.0.2+13"/>
    <property name="user.name" value="hohien"/>
    <property name="path.separator" value=":"/>
    <property name="os.version" value="10.13.6"/>
    <property name="java.runtime.name" value="Java(TM) SE Runtime Environment"/>
    <property name="file.encoding" value="UTF-8"/>
    <property name="java.vm.name" value="Java HotSpot(TM) 64-Bit Server VM"/>
    <property name="java.vendor.version" value="18.3"/>
    <property name="localRepository" value="/Users/hohien/.m2/repository"/>
    <property name="java.vendor.url.bug" value="http://bugreport.java.com/bugreport/"/>
    <property name="java.io.tmpdir" value="/var/folders/rv/l7yqpjg92gqfh39bkm27llhh0000gn/T/"/>
    <property name="java.version" value="10.0.2"/>
    <property name="user.dir" value="/Users/hohien/IdeaProjects/edium-backend/core-service"/>
    <property name="os.arch" value="x86_64"/>
    <property name="java.vm.specification.name" value="Java Virtual Machine Specification"/>
    <property name="java.awt.printerjob" value="sun.lwawt.macosx.CPrinterJob"/>
    <property name="sun.os.patch.level" value="unknown"/>
    <property name="java.library.path" value="/Users/hohien/Library/Java/Extensions:/Library/Java/Extensions:/Network/Library/Java/Extensions:/System/Library/Java/Extensions:/usr/lib/java:."/>
    <property name="java.vendor" value="Oracle Corporation"/>
    <property name="java.vm.info" value="mixed mode"/>
    <property name="java.vm.version" value="10.0.2+13"/>
    <property name="sun.io.unicode.encoding" value="UnicodeBig"/>
    <property name="java.class.version" value="54.0"/>
    <property name="socksNonProxyHosts" value="local|*.local|169.254/16|*.169.254/16"/>
  </properties>
  <testcase name="whenDeleteById_WithIdNotFound_thenException" classname="com.edium.service.core.service.GroupServiceImplTest" time="0.001"/>
  <testcase name="whenGetGroupOfUserInOrganization_withNullGroup_thenReturnNull" classname="com.edium.service.core.service.GroupServiceImplTest" time="0.001"/>
  <testcase name="whenGetGroupsOfUser_withSizeNegative_thenException" classname="com.edium.service.core.service.GroupServiceImplTest" time="0"/>
  <testcase name="whenSaveGroup_withParent_thenReturn" classname="com.edium.service.core.service.GroupServiceImplTest" time="0.004"/>
  <testcase name="whenGetGroupsOfUser_thenReturn" classname="com.edium.service.core.service.GroupServiceImplTest" time="0.001"/>
  <testcase name="whenGetGroupsOfUser_withPageNegative_thenException" classname="com.edium.service.core.service.GroupServiceImplTest" time="0.001"/>
  <testcase name="whenGetRootGroupOfOrganization_thenReturn" classname="com.edium.service.core.service.GroupServiceImplTest" time="0.001"/>
  <testcase name="whenGetAllChildrenGroups_thenReturn" classname="com.edium.service.core.service.GroupServiceImplTest" time="0.001"/>
  <testcase name="whenUpdateGroup_withParentNotFound_thenReturn" classname="com.edium.service.core.service.GroupServiceImplTest" time="0.001"/>
  <testcase name="whenGetCurrentGroupOfUser_withGroupNotFound_thenException" classname="com.edium.service.core.service.GroupServiceImplTest" time="0.001"/>
  <testcase name="whenSaveGroup_withNoParent_thenReturn" classname="com.edium.service.core.service.GroupServiceImplTest" time="0.002"/>
  <testcase name="whenGetTreeGroupByGroupId_withGroupIdFound_thenReturn" classname="com.edium.service.core.service.GroupServiceImplTest" time="0.001"/>
  <testcase name="whenDeleteById_WithIdFound_thenOk" classname="com.edium.service.core.service.GroupServiceImplTest" time="0.002"/>
  <testcase name="whenGetParentOfGroup_thenReturn" classname="com.edium.service.core.service.GroupServiceImplTest" time="0.001"/>
  <testcase name="whenFindAll_thenReturn" classname="com.edium.service.core.service.GroupServiceImplTest" time="0.002"/>
  <testcase name="whenFindAll_withSizeNegative_thenException" classname="com.edium.service.core.service.GroupServiceImplTest" time="0.003"/>
  <testcase name="whenGetCurrentGroupOfUser_thenReturn" classname="com.edium.service.core.service.GroupServiceImplTest" time="0.001"/>
  <testcase name="whenFindAll_withPageNegative_thenException" classname="com.edium.service.core.service.GroupServiceImplTest" time="0"/>
  <testcase name="whenGetTreeGroupOfOrganization_thenReturn" classname="com.edium.service.core.service.GroupServiceImplTest" time="0"/>
  <testcase name="whenGetTreeGroupByGroupId_withGroupIdNotFound_thenException" classname="com.edium.service.core.service.GroupServiceImplTest" time="0.001"/>
  <testcase name="whenFindById_WithIdFound_thenException" classname="com.edium.service.core.service.GroupServiceImplTest" time="0.001"/>
  <testcase name="whenGetGroupOfUserInOrganization_thenReturn" classname="com.edium.service.core.service.GroupServiceImplTest" time="0.001"/>
  <testcase name="whenSaveGroup_withParentNotFound_thenException" classname="com.edium.service.core.service.GroupServiceImplTest" time="0.001"/>
  <testcase name="whenFindById_WithIdNotFound_thenException" classname="com.edium.service.core.service.GroupServiceImplTest" time="0.001"/>
  <testcase name="whenUpdateGroup_withNoParent_thenReturn" classname="com.edium.service.core.service.GroupServiceImplTest" time="0.002"/>
  <testcase name="whenUpdateGroup_withParent_thenReturn" classname="com.edium.service.core.service.GroupServiceImplTest" time="0.001"/>
</testsuite>